<?xml version="1.0" encoding="utf-8"?>
<assemblies timestamp="06/17/2018 21:43:04" />